<?xml version='1.0' encoding='UTF-8'?>
<testsuite hostname="knoldus-Vostro-3546" name="CreateCustomTest" tests="2" errors="0" failures="1" time="31.163">
                     <properties>
[...]
</properties>
                     <testcase classname="CreateCustomTest" name="com" time="7.202">
                                                 
                                               </testcase><testcase classname="CreateCustomTest" name="user should logged in" time="23.961">
                                                 <failure message="no such element: Unable to locate element: {&quot;method&quot;:&quot;css selector&quot;,&quot;selector&quot;:&quot;._2AkmmA._3Plo8Q._19RW-r&quot;}
  (Session info: chrome=60.0.3112.78)
  (Driver info: chromedriver=2.31.488763 (092de99f48a300323ecf8c2a4e2e7cab51de5ba8),platform=Linux 4.4.0-89-generic x86_64) (WARNING: The server did not provide any stacktrace information)
Command duration or timeout: 10.13 seconds
For documentation on this error, please visit: http://seleniumhq.org/exceptions/no_such_element.html
Build info: version: '3.0.1', revision: '1969d75', time: '2016-10-18 09:49:13 -0700'
System info: host: 'knoldus-Vostro-3546', ip: '127.0.1.1', os.name: 'Linux', os.arch: 'amd64', os.version: '4.4.0-89-generic', java.version: '1.8.0_131'
Driver info: org.openqa.selenium.chrome.ChromeDriver
Capabilities [{applicationCacheEnabled=false, rotatable=false, mobileEmulationEnabled=false, networkConnectionEnabled=false, chrome={chromedriverVersion=2.31.488763 (092de99f48a300323ecf8c2a4e2e7cab51de5ba8), userDataDir=/tmp/.org.chromium.Chromium.Ii7fC5}, takesHeapSnapshot=true, pageLoadStrategy=normal, databaseEnabled=false, handlesAlerts=true, hasTouchScreen=false, version=60.0.3112.78, platform=LINUX, browserConnectionEnabled=false, nativeEvents=true, acceptSslCerts=true, locationContextEnabled=true, webStorageEnabled=true, browserName=chrome, takesScreenshot=true, javascriptEnabled=true, cssSelectorsEnabled=true, setWindowRect=true, unexpectedAlertBehaviour=}]
Session ID: e2316e2583115b0674fe4b194ed0d61f
*** Element info: {Using=css selector, value=._2AkmmA._3Plo8Q._19RW-r}" type="org.openqa.selenium.NoSuchElementException">org.openqa.selenium.NoSuchElementException: no such element: Unable to locate element: {&quot;method&quot;:&quot;css selector&quot;,&quot;selector&quot;:&quot;._2AkmmA._3Plo8Q._19RW-r&quot;}
  (Session info: chrome=60.0.3112.78)
  (Driver info: chromedriver=2.31.488763 (092de99f48a300323ecf8c2a4e2e7cab51de5ba8),platform=Linux 4.4.0-89-generic x86_64) (WARNING: The server did not provide any stacktrace information)
Command duration or timeout: 10.13 seconds
For documentation on this error, please visit: http://seleniumhq.org/exceptions/no_such_element.html
Build info: version: '3.0.1', revision: '1969d75', time: '2016-10-18 09:49:13 -0700'
System info: host: 'knoldus-Vostro-3546', ip: '127.0.1.1', os.name: 'Linux', os.arch: 'amd64', os.version: '4.4.0-89-generic', java.version: '1.8.0_131'
Driver info: org.openqa.selenium.chrome.ChromeDriver
Capabilities [{applicationCacheEnabled=false, rotatable=false, mobileEmulationEnabled=false, networkConnectionEnabled=false, chrome={chromedriverVersion=2.31.488763 (092de99f48a300323ecf8c2a4e2e7cab51de5ba8), userDataDir=/tmp/.org.chromium.Chromium.Ii7fC5}, takesHeapSnapshot=true, pageLoadStrategy=normal, databaseEnabled=false, handlesAlerts=true, hasTouchScreen=false, version=60.0.3112.78, platform=LINUX, browserConnectionEnabled=false, nativeEvents=true, acceptSslCerts=true, locationContextEnabled=true, webStorageEnabled=true, browserName=chrome, takesScreenshot=true, javascriptEnabled=true, cssSelectorsEnabled=true, setWindowRect=true, unexpectedAlertBehaviour=}]
Session ID: e2316e2583115b0674fe4b194ed0d61f
*** Element info: {Using=css selector, value=._2AkmmA._3Plo8Q._19RW-r}
	at sun.reflect.NativeConstructorAccessorImpl.newInstance0(Native Method)
	at sun.reflect.NativeConstructorAccessorImpl.newInstance(NativeConstructorAccessorImpl.java:62)
	at sun.reflect.DelegatingConstructorAccessorImpl.newInstance(DelegatingConstructorAccessorImpl.java:45)
	at java.lang.reflect.Constructor.newInstance(Constructor.java:423)
	at org.openqa.selenium.remote.ErrorHandler.createThrowable(ErrorHandler.java:216)
	at org.openqa.selenium.remote.ErrorHandler.throwIfResponseFailed(ErrorHandler.java:168)
	at org.openqa.selenium.remote.RemoteWebDriver.execute(RemoteWebDriver.java:635)
	at org.openqa.selenium.remote.RemoteWebDriver.findElement(RemoteWebDriver.java:368)
	at org.openqa.selenium.remote.RemoteWebDriver.findElementByCssSelector(RemoteWebDriver.java:465)
	at CreateCustomTest.$anonfun$new$2(CreateCustomTest.scala:43)
	at scala.runtime.java8.JFunction0$mcV$sp.apply(JFunction0$mcV$sp.java:12)
	at org.scalatest.OutcomeOf.outcomeOf(OutcomeOf.scala:85)
	at org.scalatest.OutcomeOf.outcomeOf$(OutcomeOf.scala:83)
	at org.scalatest.OutcomeOf$.outcomeOf(OutcomeOf.scala:104)
	at org.scalatest.Transformer.apply(Transformer.scala:22)
	at org.scalatest.Transformer.apply(Transformer.scala:20)
	at org.scalatest.FlatSpecLike$$anon$1.apply(FlatSpecLike.scala:1682)
	at org.scalatest.TestSuite.withFixture(TestSuite.scala:196)
	at org.scalatest.TestSuite.withFixture$(TestSuite.scala:195)
	at org.scalatest.FlatSpec.withFixture(FlatSpec.scala:1685)
	at org.scalatest.FlatSpecLike.invokeWithFixture$1(FlatSpecLike.scala:1680)
	at org.scalatest.FlatSpecLike.$anonfun$runTest$1(FlatSpecLike.scala:1692)
	at org.scalatest.SuperEngine.runTestImpl(Engine.scala:289)
	at org.scalatest.FlatSpecLike.runTest(FlatSpecLike.scala:1692)
	at org.scalatest.FlatSpecLike.runTest$(FlatSpecLike.scala:1674)
	at org.scalatest.FlatSpec.runTest(FlatSpec.scala:1685)
	at org.scalatest.FlatSpecLike.$anonfun$runTests$1(FlatSpecLike.scala:1750)
	at org.scalatest.SuperEngine.$anonfun$runTestsInBranch$1(Engine.scala:396)
	at scala.collection.immutable.List.foreach(List.scala:378)
	at org.scalatest.SuperEngine.traverseSubNodes$1(Engine.scala:384)
	at org.scalatest.SuperEngine.runTestsInBranch(Engine.scala:373)
	at org.scalatest.SuperEngine.$anonfun$runTestsInBranch$1(Engine.scala:410)
	at scala.collection.immutable.List.foreach(List.scala:378)
	at org.scalatest.SuperEngine.traverseSubNodes$1(Engine.scala:384)
	at org.scalatest.SuperEngine.runTestsInBranch(Engine.scala:379)
	at org.scalatest.SuperEngine.runTestsImpl(Engine.scala:461)
	at org.scalatest.FlatSpecLike.runTests(FlatSpecLike.scala:1750)
	at org.scalatest.FlatSpecLike.runTests$(FlatSpecLike.scala:1749)
	at org.scalatest.FlatSpec.runTests(FlatSpec.scala:1685)
	at org.scalatest.Suite.run(Suite.scala:1147)
	at org.scalatest.Suite.run$(Suite.scala:1129)
	at org.scalatest.FlatSpec.org$scalatest$FlatSpecLike$$super$run(FlatSpec.scala:1685)
	at org.scalatest.FlatSpecLike.$anonfun$run$1(FlatSpecLike.scala:1795)
	at org.scalatest.SuperEngine.runImpl(Engine.scala:521)
	at org.scalatest.FlatSpecLike.run(FlatSpecLike.scala:1795)
	at org.scalatest.FlatSpecLike.run$(FlatSpecLike.scala:1793)
	at org.scalatest.FlatSpec.run(FlatSpec.scala:1685)
	at org.scalatest.tools.Framework.org$scalatest$tools$Framework$$runSuite(Framework.scala:314)
	at org.scalatest.tools.Framework$ScalaTestTask.execute(Framework.scala:507)
	at sbt.TestRunner.runTest$1(TestFramework.scala:76)
	at sbt.TestRunner.run(TestFramework.scala:85)
	at sbt.TestFramework$$anon$2$$anonfun$$init$$1$$anonfun$apply$8.apply(TestFramework.scala:202)
	at sbt.TestFramework$$anon$2$$anonfun$$init$$1$$anonfun$apply$8.apply(TestFramework.scala:202)
	at sbt.TestFramework$.sbt$TestFramework$$withContextLoader(TestFramework.scala:185)
	at sbt.TestFramework$$anon$2$$anonfun$$init$$1.apply(TestFramework.scala:202)
	at sbt.TestFramework$$anon$2$$anonfun$$init$$1.apply(TestFramework.scala:202)
	at sbt.TestFunction.apply(TestFramework.scala:207)
	at sbt.Tests$$anonfun$9.apply(Tests.scala:216)
	at sbt.Tests$$anonfun$9.apply(Tests.scala:216)
	at sbt.std.Transform$$anon$3$$anonfun$apply$2.apply(System.scala:44)
	at sbt.std.Transform$$anon$3$$anonfun$apply$2.apply(System.scala:44)
	at sbt.std.Transform$$anon$4.work(System.scala:63)
	at sbt.Execute$$anonfun$submit$1$$anonfun$apply$1.apply(Execute.scala:228)
	at sbt.Execute$$anonfun$submit$1$$anonfun$apply$1.apply(Execute.scala:228)
	at sbt.ErrorHandling$.wideConvert(ErrorHandling.scala:17)
	at sbt.Execute.work(Execute.scala:237)
	at sbt.Execute$$anonfun$submit$1.apply(Execute.scala:228)
	at sbt.Execute$$anonfun$submit$1.apply(Execute.scala:228)
	at sbt.ConcurrentRestrictions$$anon$4$$anonfun$1.apply(ConcurrentRestrictions.scala:159)
	at sbt.CompletionService$$anon$2.call(CompletionService.scala:28)
	at java.util.concurrent.FutureTask.run(FutureTask.java:266)
	at java.util.concurrent.Executors$RunnableAdapter.call(Executors.java:511)
	at java.util.concurrent.FutureTask.run(FutureTask.java:266)
	at java.util.concurrent.ThreadPoolExecutor.runWorker(ThreadPoolExecutor.java:1149)
	at java.util.concurrent.ThreadPoolExecutor$Worker.run(ThreadPoolExecutor.java:624)
	at java.lang.Thread.run(Thread.java:748)
</failure>
                                               </testcase>
                     <system-out></system-out>
                     <system-err></system-err>
                   </testsuite>